<?xml version="1.0" encoding="UTF-8"?>
<testng-results ignored="0" total="2" passed="2" failed="0" skipped="0">
  <reporter-output>
  </reporter-output>
  <suite started-at="2023-04-06T09:51:37 IST" name="Default suite" finished-at="2023-04-06T09:51:49 IST" duration-ms="12374">
    <groups>
    </groups>
    <test started-at="2023-04-06T09:51:37 IST" name="Default test" finished-at="2023-04-06T09:51:49 IST" duration-ms="12374">
      <class name="Com.TestClass.calculatorOperationsTest">
        <test-method is-config="true" signature="initializeBrowserAndURL()[pri:0, instance:Com.TestClass.calculatorOperationsTest@708f5957]" started-at="2023-04-06T09:51:37 IST" name="initializeBrowserAndURL" finished-at="2023-04-06T09:51:44 IST" duration-ms="7160" status="PASS">
          <reporter-output>
          </reporter-output>
        </test-method> <!-- initializeBrowserAndURL -->
        <test-method signature="TC01()[pri:1, instance:Com.TestClass.calculatorOperationsTest@708f5957]" started-at="2023-04-06T09:51:44 IST" name="TC01" finished-at="2023-04-06T09:51:45 IST" duration-ms="336" status="PASS">
          <reporter-output>
          </reporter-output>
        </test-method> <!-- TC01 -->
        <test-method is-config="true" signature="initializeBrowserAndURL()[pri:0, instance:Com.TestClass.calculatorOperationsTest@708f5957]" started-at="2023-04-06T09:51:45 IST" name="initializeBrowserAndURL" finished-at="2023-04-06T09:51:49 IST" duration-ms="4494" status="PASS">
          <reporter-output>
          </reporter-output>
        </test-method> <!-- initializeBrowserAndURL -->
        <test-method signature="TC02()[pri:2, instance:Com.TestClass.calculatorOperationsTest@708f5957]" started-at="2023-04-06T09:51:49 IST" name="TC02" finished-at="2023-04-06T09:51:49 IST" duration-ms="339" status="PASS">
          <reporter-output>
          </reporter-output>
        </test-method> <!-- TC02 -->
      </class> <!-- Com.TestClass.calculatorOperationsTest -->
    </test> <!-- Default test -->
  </suite> <!-- Default suite -->
</testng-results>
